2025-03-23 00:07:14,689 INFO org.springframework.boot.StartupInfoLogger [main] Starting NaiLongApplication using Java 21.0.3 with PID 12924 (E:\IdeaProjects\NaiLongOSS\target\classes started by adolbook in E:\IdeaProjects\NaiLongOSS)
2025-03-23 00:07:14,713 INFO org.springframework.boot.SpringApplication [main] No active profile set, falling back to 1 default profile: "default"
2025-03-23 00:07:16,186 INFO org.springframework.data.repository.config.RepositoryConfigurationDelegate [main] Multiple Spring Data modules found, entering strict repository configuration mode
2025-03-23 00:07:16,188 INFO org.springframework.data.repository.config.RepositoryConfigurationDelegate [main] Bootstrapping Spring Data JDBC repositories in DEFAULT mode.
2025-03-23 00:07:16,239 INFO org.springframework.data.repository.config.RepositoryConfigurationDelegate [main] Finished Spring Data repository scanning in 19 ms. Found 0 JDBC repository interfaces.
2025-03-23 00:07:16,258 INFO org.springframework.data.repository.config.RepositoryConfigurationDelegate [main] Multiple Spring Data modules found, entering strict repository configuration mode
2025-03-23 00:07:16,259 INFO org.springframework.data.repository.config.RepositoryConfigurationDelegate [main] Bootstrapping Spring Data JPA repositories in DEFAULT mode.
2025-03-23 00:07:16,276 INFO org.springframework.data.repository.config.RepositoryConfigurationDelegate [main] Finished Spring Data repository scanning in 6 ms. Found 0 JPA repository interfaces.
2025-03-23 00:07:18,185 INFO org.springframework.boot.web.embedded.tomcat.TomcatWebServer [main] Tomcat initialized with port 8080 (http)
2025-03-23 00:07:18,215 INFO org.apache.juli.logging.DirectJDKLog [main] Initializing ProtocolHandler ["http-nio-8080"]
2025-03-23 00:07:18,223 INFO org.apache.juli.logging.DirectJDKLog [main] Starting service [Tomcat]
2025-03-23 00:07:18,227 INFO org.apache.juli.logging.DirectJDKLog [main] Starting Servlet engine: [Apache Tomcat/10.1.36]
2025-03-23 00:07:18,353 INFO org.apache.juli.logging.DirectJDKLog [main] Initializing Spring embedded WebApplicationContext
2025-03-23 00:07:18,354 INFO org.springframework.boot.web.servlet.context.ServletWebServerApplicationContext [main] Root WebApplicationContext: initialization completed in 3546 ms
2025-03-23 00:07:18,573 INFO com.zaxxer.hikari.HikariDataSource [main] HikariPool-1 - Starting...
2025-03-23 00:07:19,311 INFO com.zaxxer.hikari.pool.HikariPool [main] HikariPool-1 - Added connection com.mysql.cj.jdbc.ConnectionImpl@654b899f
2025-03-23 00:07:19,314 INFO com.zaxxer.hikari.HikariDataSource [main] HikariPool-1 - Start completed.
2025-03-23 00:07:20,205 INFO org.springframework.orm.jpa.persistenceunit.SpringPersistenceUnitInfo [main] No LoadTimeWeaver setup: ignoring JPA class transformer
2025-03-23 00:07:21,112 INFO org.springframework.orm.jpa.AbstractEntityManagerFactoryBean [main] Initialized JPA EntityManagerFactory for persistence unit 'default'
2025-03-23 00:07:23,250 INFO org.apache.juli.logging.DirectJDKLog [main] Starting ProtocolHandler ["http-nio-8080"]
2025-03-23 00:07:23,283 INFO org.springframework.boot.web.embedded.tomcat.TomcatWebServer [main] Tomcat started on port 8080 (http) with context path '/'
2025-03-23 00:07:23,314 INFO org.springframework.boot.StartupInfoLogger [main] Started NaiLongApplication in 9.67 seconds (process running for 11.167)
2025-03-23 00:07:59,807 INFO org.apache.juli.logging.DirectJDKLog [http-nio-8080-exec-1] Initializing Spring DispatcherServlet 'dispatcherServlet'
2025-03-23 00:07:59,807 INFO org.springframework.web.servlet.FrameworkServlet [http-nio-8080-exec-1] Initializing Servlet 'dispatcherServlet'
2025-03-23 00:07:59,811 INFO org.springframework.web.servlet.FrameworkServlet [http-nio-8080-exec-1] Completed initialization in 3 ms
2025-03-23 00:08:24,507 INFO org.springframework.boot.web.embedded.tomcat.GracefulShutdown [SpringApplicationShutdownHook] Commencing graceful shutdown. Waiting for active requests to complete
2025-03-23 00:08:24,522 INFO org.springframework.boot.web.embedded.tomcat.GracefulShutdown [tomcat-shutdown] Graceful shutdown complete
2025-03-23 00:08:24,532 INFO org.springframework.orm.jpa.AbstractEntityManagerFactoryBean [SpringApplicationShutdownHook] Closing JPA EntityManagerFactory for persistence unit 'default'
2025-03-23 00:08:24,541 INFO com.zaxxer.hikari.HikariDataSource [SpringApplicationShutdownHook] HikariPool-1 - Shutdown initiated...
2025-03-23 00:08:24,557 INFO com.zaxxer.hikari.HikariDataSource [SpringApplicationShutdownHook] HikariPool-1 - Shutdown completed.
